[2012-07-17 17:51:07] request.ERROR: Symfony\Component\HttpKernel\Exception\NotFoundHttpException: No route found for "GET /css/font/gw_cabin.css" (uncaught exception) at /home/hamidullah/symtest/vendor/symfony/src/Symfony/Bundle/FrameworkBundle/EventListener/RouterListener.php line 83 [] []
[2012-07-17 17:51:07] request.ERROR: Symfony\Component\HttpKernel\Exception\NotFoundHttpException: No route found for "GET /css/login_small.css" (uncaught exception) at /home/hamidullah/symtest/vendor/symfony/src/Symfony/Bundle/FrameworkBundle/EventListener/RouterListener.php line 83 [] []
[2012-07-17 17:51:08] request.ERROR: Symfony\Component\HttpKernel\Exception\NotFoundHttpException: No route found for "GET /css/markdown.css" (uncaught exception) at /home/hamidullah/symtest/vendor/symfony/src/Symfony/Bundle/FrameworkBundle/EventListener/RouterListener.php line 83 [] []
[2012-07-17 17:51:25] request.ERROR: Symfony\Component\HttpKernel\Exception\NotFoundHttpException: No route found for "GET /css/login_small.css" (uncaught exception) at /home/hamidullah/symtest/vendor/symfony/src/Symfony/Bundle/FrameworkBundle/EventListener/RouterListener.php line 83 [] []
[2012-07-17 17:51:25] request.ERROR: Symfony\Component\HttpKernel\Exception\NotFoundHttpException: No route found for "GET /css/font/gw_cabin.css" (uncaught exception) at /home/hamidullah/symtest/vendor/symfony/src/Symfony/Bundle/FrameworkBundle/EventListener/RouterListener.php line 83 [] []
[2012-07-17 17:51:25] request.ERROR: Symfony\Component\HttpKernel\Exception\NotFoundHttpException: No route found for "GET /css/markdown.css" (uncaught exception) at /home/hamidullah/symtest/vendor/symfony/src/Symfony/Bundle/FrameworkBundle/EventListener/RouterListener.php line 83 [] []
[2012-07-17 17:52:08] request.ERROR: Symfony\Component\HttpKernel\Exception\NotFoundHttpException: No route found for "GET /css/markdown.css" (uncaught exception) at /home/hamidullah/Guess-Game/Symfony/app/cache/prod/classes.php line 5082 [] []
[2012-07-17 17:52:08] request.ERROR: Symfony\Component\HttpKernel\Exception\NotFoundHttpException: No route found for "GET /css/login_small.css" (uncaught exception) at /home/hamidullah/Guess-Game/Symfony/app/cache/prod/classes.php line 5082 [] []
[2012-07-17 17:52:08] request.ERROR: Symfony\Component\HttpKernel\Exception\NotFoundHttpException: No route found for "GET /css/font/gw_cabin.css" (uncaught exception) at /home/hamidullah/Guess-Game/Symfony/app/cache/prod/classes.php line 5082 [] []
[2012-07-17 17:52:15] request.ERROR: Symfony\Component\HttpKernel\Exception\NotFoundHttpException: No route found for "GET /css/login_small.css" (uncaught exception) at /home/hamidullah/Guess-Game/Symfony/app/cache/prod/classes.php line 5082 [] []
[2012-07-17 17:52:15] request.ERROR: Symfony\Component\HttpKernel\Exception\NotFoundHttpException: No route found for "GET /css/font/gw_cabin.css" (uncaught exception) at /home/hamidullah/Guess-Game/Symfony/app/cache/prod/classes.php line 5082 [] []
[2012-07-17 17:52:15] request.ERROR: Symfony\Component\HttpKernel\Exception\NotFoundHttpException: No route found for "GET /css/markdown.css" (uncaught exception) at /home/hamidullah/Guess-Game/Symfony/app/cache/prod/classes.php line 5082 [] []
[2012-07-17 17:52:17] request.ERROR: Symfony\Component\HttpKernel\Exception\NotFoundHttpException: No route found for "GET /css/font/gw_cabin.css" (uncaught exception) at /home/hamidullah/Guess-Game/Symfony/app/cache/prod/classes.php line 5082 [] []
[2012-07-17 17:52:17] request.ERROR: Symfony\Component\HttpKernel\Exception\NotFoundHttpException: No route found for "GET /css/markdown.css" (uncaught exception) at /home/hamidullah/Guess-Game/Symfony/app/cache/prod/classes.php line 5082 [] []
[2012-07-17 17:52:17] request.ERROR: Symfony\Component\HttpKernel\Exception\NotFoundHttpException: No route found for "GET /css/login_small.css" (uncaught exception) at /home/hamidullah/Guess-Game/Symfony/app/cache/prod/classes.php line 5082 [] []
[2012-07-17 17:52:18] request.ERROR: Symfony\Component\HttpKernel\Exception\NotFoundHttpException: No route found for "GET /css/markdown.css" (uncaught exception) at /home/hamidullah/Guess-Game/Symfony/app/cache/prod/classes.php line 5082 [] []
[2012-07-17 17:52:18] request.ERROR: Symfony\Component\HttpKernel\Exception\NotFoundHttpException: No route found for "GET /css/login_small.css" (uncaught exception) at /home/hamidullah/Guess-Game/Symfony/app/cache/prod/classes.php line 5082 [] []
[2012-07-17 17:52:18] request.ERROR: Symfony\Component\HttpKernel\Exception\NotFoundHttpException: No route found for "GET /css/font/gw_cabin.css" (uncaught exception) at /home/hamidullah/Guess-Game/Symfony/app/cache/prod/classes.php line 5082 [] []
[2012-07-17 17:52:19] request.ERROR: Symfony\Component\HttpKernel\Exception\NotFoundHttpException: No route found for "GET /css/markdown.css" (uncaught exception) at /home/hamidullah/Guess-Game/Symfony/app/cache/prod/classes.php line 5082 [] []
[2012-07-17 17:52:19] request.ERROR: Symfony\Component\HttpKernel\Exception\NotFoundHttpException: No route found for "GET /css/login_small.css" (uncaught exception) at /home/hamidullah/Guess-Game/Symfony/app/cache/prod/classes.php line 5082 [] []
[2012-07-17 17:52:19] request.ERROR: Symfony\Component\HttpKernel\Exception\NotFoundHttpException: No route found for "GET /css/font/gw_cabin.css" (uncaught exception) at /home/hamidullah/Guess-Game/Symfony/app/cache/prod/classes.php line 5082 [] []
[2012-07-17 17:53:10] request.ERROR: Symfony\Component\HttpKernel\Exception\NotFoundHttpException: No route found for "GET /css/font/gw_cabin.css" (uncaught exception) at /home/hamidullah/symtest/app/cache/prod/classes.php line 5082 [] []
[2012-07-17 17:53:10] request.ERROR: Symfony\Component\HttpKernel\Exception\NotFoundHttpException: No route found for "GET /css/login_small.css" (uncaught exception) at /home/hamidullah/symtest/app/cache/prod/classes.php line 5082 [] []
[2012-07-17 17:53:10] request.ERROR: Symfony\Component\HttpKernel\Exception\NotFoundHttpException: No route found for "GET /css/markdown.css" (uncaught exception) at /home/hamidullah/symtest/app/cache/prod/classes.php line 5082 [] []
[2012-07-17 17:55:22] request.ERROR: Symfony\Component\HttpKernel\Exception\NotFoundHttpException: No route found for "GET /css/font/gw_cabin.css" (uncaught exception) at /home/hamidullah/symtest/app/cache/prod/classes.php line 5082 [] []
[2012-07-17 17:55:22] request.ERROR: Symfony\Component\HttpKernel\Exception\NotFoundHttpException: No route found for "GET /css/login_small.css" (uncaught exception) at /home/hamidullah/symtest/app/cache/prod/classes.php line 5082 [] []
[2012-07-17 17:55:22] request.ERROR: Symfony\Component\HttpKernel\Exception\NotFoundHttpException: No route found for "GET /css/markdown.css" (uncaught exception) at /home/hamidullah/symtest/app/cache/prod/classes.php line 5082 [] []
[2012-07-17 17:56:05] request.ERROR: Symfony\Component\HttpKernel\Exception\NotFoundHttpException: No route found for "GET /css/font/gw_cabin.css" (uncaught exception) at /home/hamidullah/symtest/app/cache/prod/classes.php line 5082 [] []
[2012-07-17 17:56:05] request.ERROR: Symfony\Component\HttpKernel\Exception\NotFoundHttpException: No route found for "GET /css/login_small.css" (uncaught exception) at /home/hamidullah/symtest/app/cache/prod/classes.php line 5082 [] []
[2012-07-17 17:56:05] request.ERROR: Symfony\Component\HttpKernel\Exception\NotFoundHttpException: No route found for "GET /css/markdown.css" (uncaught exception) at /home/hamidullah/symtest/app/cache/prod/classes.php line 5082 [] []
[2012-07-17 17:56:06] request.ERROR: Symfony\Component\HttpKernel\Exception\NotFoundHttpException: No route found for "GET /css/font/gw_cabin.css" (uncaught exception) at /home/hamidullah/symtest/app/cache/prod/classes.php line 5082 [] []
[2012-07-17 17:56:06] request.ERROR: Symfony\Component\HttpKernel\Exception\NotFoundHttpException: No route found for "GET /css/login_small.css" (uncaught exception) at /home/hamidullah/symtest/app/cache/prod/classes.php line 5082 [] []
[2012-07-17 17:56:07] request.ERROR: Symfony\Component\HttpKernel\Exception\NotFoundHttpException: No route found for "GET /css/markdown.css" (uncaught exception) at /home/hamidullah/symtest/app/cache/prod/classes.php line 5082 [] []
[2012-07-17 17:56:08] request.ERROR: Symfony\Component\HttpKernel\Exception\NotFoundHttpException: No route found for "GET /css/font/gw_cabin.css" (uncaught exception) at /home/hamidullah/symtest/app/cache/prod/classes.php line 5082 [] []
[2012-07-17 17:56:08] request.ERROR: Symfony\Component\HttpKernel\Exception\NotFoundHttpException: No route found for "GET /css/login_small.css" (uncaught exception) at /home/hamidullah/symtest/app/cache/prod/classes.php line 5082 [] []
[2012-07-17 17:56:08] request.ERROR: Symfony\Component\HttpKernel\Exception\NotFoundHttpException: No route found for "GET /css/markdown.css" (uncaught exception) at /home/hamidullah/symtest/app/cache/prod/classes.php line 5082 [] []
[2012-07-17 17:56:09] request.ERROR: Symfony\Component\HttpKernel\Exception\NotFoundHttpException: No route found for "GET /css/font/gw_cabin.css" (uncaught exception) at /home/hamidullah/symtest/app/cache/prod/classes.php line 5082 [] []
[2012-07-17 17:56:10] request.ERROR: Symfony\Component\HttpKernel\Exception\NotFoundHttpException: No route found for "GET /css/login_small.css" (uncaught exception) at /home/hamidullah/symtest/app/cache/prod/classes.php line 5082 [] []
[2012-07-17 17:56:10] request.ERROR: Symfony\Component\HttpKernel\Exception\NotFoundHttpException: No route found for "GET /css/markdown.css" (uncaught exception) at /home/hamidullah/symtest/app/cache/prod/classes.php line 5082 [] []
[2012-07-17 17:57:00] request.ERROR: Symfony\Component\HttpKernel\Exception\NotFoundHttpException: No route found for "GET /css/login_small.css" (uncaught exception) at /home/hamidullah/symtest/app/cache/prod/classes.php line 5082 [] []
[2012-07-17 17:57:00] request.ERROR: Symfony\Component\HttpKernel\Exception\NotFoundHttpException: No route found for "GET /css/font/gw_cabin.css" (uncaught exception) at /home/hamidullah/symtest/app/cache/prod/classes.php line 5082 [] []
[2012-07-17 17:57:00] request.ERROR: Symfony\Component\HttpKernel\Exception\NotFoundHttpException: No route found for "GET /css/markdown.css" (uncaught exception) at /home/hamidullah/symtest/app/cache/prod/classes.php line 5082 [] []
[2012-07-17 17:59:13] request.ERROR: Symfony\Component\HttpKernel\Exception\NotFoundHttpException: No route found for "GET /css/font/gw_cabin.css" (uncaught exception) at /home/hamidullah/symtest/app/cache/prod/classes.php line 5082 [] []
[2012-07-17 17:59:13] request.ERROR: Symfony\Component\HttpKernel\Exception\NotFoundHttpException: No route found for "GET /css/login_small.css" (uncaught exception) at /home/hamidullah/symtest/app/cache/prod/classes.php line 5082 [] []
[2012-07-17 17:59:13] request.ERROR: Symfony\Component\HttpKernel\Exception\NotFoundHttpException: No route found for "GET /css/markdown.css" (uncaught exception) at /home/hamidullah/symtest/app/cache/prod/classes.php line 5082 [] []
[2012-07-17 18:00:51] request.ERROR: Symfony\Component\HttpKernel\Exception\NotFoundHttpException: No route found for "GET /css/font/gw_cabin.css" (uncaught exception) at /home/hamidullah/symtest/app/cache/prod/classes.php line 5082 [] []
[2012-07-17 18:00:51] request.ERROR: Symfony\Component\HttpKernel\Exception\NotFoundHttpException: No route found for "GET /css/login_small.css" (uncaught exception) at /home/hamidullah/symtest/app/cache/prod/classes.php line 5082 [] []
[2012-07-17 18:00:51] request.ERROR: Symfony\Component\HttpKernel\Exception\NotFoundHttpException: No route found for "GET /css/markdown.css" (uncaught exception) at /home/hamidullah/symtest/app/cache/prod/classes.php line 5082 [] []
[2012-07-17 18:01:16] request.ERROR: Symfony\Component\HttpKernel\Exception\NotFoundHttpException: No route found for "GET /css/markdown.css" (uncaught exception) at /home/hamidullah/symtest/app/cache/prod/classes.php line 5082 [] []
[2012-07-17 18:01:16] request.ERROR: Symfony\Component\HttpKernel\Exception\NotFoundHttpException: No route found for "GET /css/font/gw_cabin.css" (uncaught exception) at /home/hamidullah/symtest/app/cache/prod/classes.php line 5082 [] []
[2012-07-17 18:01:16] request.ERROR: Symfony\Component\HttpKernel\Exception\NotFoundHttpException: No route found for "GET /css/login_small.css" (uncaught exception) at /home/hamidullah/symtest/app/cache/prod/classes.php line 5082 [] []
[2012-07-17 18:01:19] request.ERROR: Symfony\Component\HttpKernel\Exception\NotFoundHttpException: No route found for "GET /css/login_small.css" (uncaught exception) at /home/hamidullah/symtest/app/cache/prod/classes.php line 5082 [] []
[2012-07-17 18:01:19] request.ERROR: Symfony\Component\HttpKernel\Exception\NotFoundHttpException: No route found for "GET /css/markdown.css" (uncaught exception) at /home/hamidullah/symtest/app/cache/prod/classes.php line 5082 [] []
[2012-07-17 18:01:19] request.ERROR: Symfony\Component\HttpKernel\Exception\NotFoundHttpException: No route found for "GET /css/font/gw_cabin.css" (uncaught exception) at /home/hamidullah/symtest/app/cache/prod/classes.php line 5082 [] []
[2012-07-17 18:02:29] request.ERROR: Symfony\Component\HttpKernel\Exception\NotFoundHttpException: No route found for "GET /css/font/gw_cabin.css" (uncaught exception) at /home/hamidullah/symtest/app/cache/prod/classes.php line 5082 [] []
[2012-07-17 18:02:29] request.ERROR: Symfony\Component\HttpKernel\Exception\NotFoundHttpException: No route found for "GET /css/login_small.css" (uncaught exception) at /home/hamidullah/symtest/app/cache/prod/classes.php line 5082 [] []
[2012-07-17 18:02:29] request.ERROR: Symfony\Component\HttpKernel\Exception\NotFoundHttpException: No route found for "GET /css/markdown.css" (uncaught exception) at /home/hamidullah/symtest/app/cache/prod/classes.php line 5082 [] []
[2012-07-17 18:03:40] request.ERROR: Symfony\Component\HttpKernel\Exception\NotFoundHttpException: No route found for "GET /css/font/gw_cabin.css" (uncaught exception) at /home/hamidullah/symtest/app/cache/prod/classes.php line 5082 [] []
[2012-07-17 18:03:41] request.ERROR: Symfony\Component\HttpKernel\Exception\NotFoundHttpException: No route found for "GET /css/login_small.css" (uncaught exception) at /home/hamidullah/symtest/app/cache/prod/classes.php line 5082 [] []
[2012-07-17 18:03:41] request.ERROR: Symfony\Component\HttpKernel\Exception\NotFoundHttpException: No route found for "GET /css/markdown.css" (uncaught exception) at /home/hamidullah/symtest/app/cache/prod/classes.php line 5082 [] []
[2012-07-17 18:04:07] request.ERROR: Symfony\Component\HttpKernel\Exception\NotFoundHttpException: No route found for "GET /css/font/gw_cabin.css" (uncaught exception) at /home/hamidullah/symtest/app/cache/prod/classes.php line 5082 [] []
[2012-07-17 18:04:07] request.ERROR: Symfony\Component\HttpKernel\Exception\NotFoundHttpException: No route found for "GET /css/login_small.css" (uncaught exception) at /home/hamidullah/symtest/app/cache/prod/classes.php line 5082 [] []
[2012-07-17 18:04:07] request.ERROR: Symfony\Component\HttpKernel\Exception\NotFoundHttpException: No route found for "GET /css/markdown.css" (uncaught exception) at /home/hamidullah/symtest/app/cache/prod/classes.php line 5082 [] []
[2012-07-17 18:04:33] request.ERROR: Symfony\Component\HttpKernel\Exception\NotFoundHttpException: No route found for "GET /css/font/gw_cabin.css" (uncaught exception) at /home/hamidullah/symtest/app/cache/prod/classes.php line 5082 [] []
[2012-07-17 18:04:33] request.ERROR: Symfony\Component\HttpKernel\Exception\NotFoundHttpException: No route found for "GET /css/login_small.css" (uncaught exception) at /home/hamidullah/symtest/app/cache/prod/classes.php line 5082 [] []
[2012-07-17 18:04:33] request.ERROR: Symfony\Component\HttpKernel\Exception\NotFoundHttpException: No route found for "GET /css/markdown.css" (uncaught exception) at /home/hamidullah/symtest/app/cache/prod/classes.php line 5082 [] []
[2012-07-17 18:04:35] request.ERROR: Symfony\Component\HttpKernel\Exception\NotFoundHttpException: No route found for "GET /css/font/gw_cabin.css" (uncaught exception) at /home/hamidullah/symtest/app/cache/prod/classes.php line 5082 [] []
[2012-07-17 18:04:35] request.ERROR: Symfony\Component\HttpKernel\Exception\NotFoundHttpException: No route found for "GET /css/login_small.css" (uncaught exception) at /home/hamidullah/symtest/app/cache/prod/classes.php line 5082 [] []
[2012-07-17 18:04:35] request.ERROR: Symfony\Component\HttpKernel\Exception\NotFoundHttpException: No route found for "GET /css/markdown.css" (uncaught exception) at /home/hamidullah/symtest/app/cache/prod/classes.php line 5082 [] []
[2012-07-17 18:05:26] request.ERROR: Symfony\Component\HttpKernel\Exception\NotFoundHttpException: No route found for "GET /css/font/gw_cabin.css" (uncaught exception) at /home/hamidullah/symtest/app/cache/prod/classes.php line 5082 [] []
[2012-07-17 18:05:26] request.ERROR: Symfony\Component\HttpKernel\Exception\NotFoundHttpException: No route found for "GET /css/login_small.css" (uncaught exception) at /home/hamidullah/symtest/app/cache/prod/classes.php line 5082 [] []
[2012-07-17 18:05:26] request.ERROR: Symfony\Component\HttpKernel\Exception\NotFoundHttpException: No route found for "GET /css/markdown.css" (uncaught exception) at /home/hamidullah/symtest/app/cache/prod/classes.php line 5082 [] []
[2012-07-17 18:05:29] request.ERROR: Symfony\Component\HttpKernel\Exception\NotFoundHttpException: No route found for "GET /css/login_small.css" (uncaught exception) at /home/hamidullah/symtest/app/cache/prod/classes.php line 5082 [] []
[2012-07-17 18:05:29] request.ERROR: Symfony\Component\HttpKernel\Exception\NotFoundHttpException: No route found for "GET /css/font/gw_cabin.css" (uncaught exception) at /home/hamidullah/symtest/app/cache/prod/classes.php line 5082 [] []
[2012-07-17 18:05:29] request.ERROR: Symfony\Component\HttpKernel\Exception\NotFoundHttpException: No route found for "GET /css/markdown.css" (uncaught exception) at /home/hamidullah/symtest/app/cache/prod/classes.php line 5082 [] []
[2012-07-17 18:05:37] request.ERROR: Symfony\Component\HttpKernel\Exception\NotFoundHttpException: No route found for "GET /css/markdown.css" (uncaught exception) at /home/hamidullah/symtest/app/cache/prod/classes.php line 5082 [] []
[2012-07-17 18:05:37] request.ERROR: Symfony\Component\HttpKernel\Exception\NotFoundHttpException: No route found for "GET /css/font/gw_cabin.css" (uncaught exception) at /home/hamidullah/symtest/app/cache/prod/classes.php line 5082 [] []
[2012-07-17 18:05:37] request.ERROR: Symfony\Component\HttpKernel\Exception\NotFoundHttpException: No route found for "GET /css/login_small.css" (uncaught exception) at /home/hamidullah/symtest/app/cache/prod/classes.php line 5082 [] []
[2012-07-17 18:11:05] request.ERROR: Symfony\Component\HttpKernel\Exception\NotFoundHttpException: No route found for "GET /css/font/gw_cabin.css" (uncaught exception) at /home/hamidullah/symtest/app/cache/prod/classes.php line 5082 [] []
[2012-07-17 18:11:05] request.ERROR: Symfony\Component\HttpKernel\Exception\NotFoundHttpException: No route found for "GET /css/login_small.css" (uncaught exception) at /home/hamidullah/symtest/app/cache/prod/classes.php line 5082 [] []
[2012-07-17 18:11:05] request.ERROR: Symfony\Component\HttpKernel\Exception\NotFoundHttpException: No route found for "GET /css/markdown.css" (uncaught exception) at /home/hamidullah/symtest/app/cache/prod/classes.php line 5082 [] []
[2012-07-17 18:14:57] request.ERROR: Symfony\Component\HttpKernel\Exception\NotFoundHttpException: No route found for "GET /css/login_small.css" (uncaught exception) at /home/hamidullah/symtest/app/cache/prod/classes.php line 5082 [] []
[2012-07-17 18:14:57] request.ERROR: Symfony\Component\HttpKernel\Exception\NotFoundHttpException: No route found for "GET /css/font/gw_cabin.css" (uncaught exception) at /home/hamidullah/symtest/app/cache/prod/classes.php line 5082 [] []
[2012-07-17 18:14:57] request.ERROR: Symfony\Component\HttpKernel\Exception\NotFoundHttpException: No route found for "GET /css/markdown.css" (uncaught exception) at /home/hamidullah/symtest/app/cache/prod/classes.php line 5082 [] []
[2012-07-17 18:18:39] request.ERROR: Symfony\Component\HttpKernel\Exception\NotFoundHttpException: No route found for "GET /css/font/gw_cabin.css" (uncaught exception) at /home/hamidullah/symtest/app/cache/prod/classes.php line 5082 [] []
[2012-07-17 18:18:39] request.ERROR: Symfony\Component\HttpKernel\Exception\NotFoundHttpException: No route found for "GET /css/login_small.css" (uncaught exception) at /home/hamidullah/symtest/app/cache/prod/classes.php line 5082 [] []
[2012-07-17 18:18:39] request.ERROR: Symfony\Component\HttpKernel\Exception\NotFoundHttpException: No route found for "GET /css/markdown.css" (uncaught exception) at /home/hamidullah/symtest/app/cache/prod/classes.php line 5082 [] []
[2012-07-17 18:19:05] request.ERROR: Symfony\Component\HttpKernel\Exception\NotFoundHttpException: No route found for "GET /css/font/gw_cabin.css" (uncaught exception) at /home/hamidullah/symtest/app/cache/prod/classes.php line 5082 [] []
[2012-07-17 18:19:05] request.ERROR: Symfony\Component\HttpKernel\Exception\NotFoundHttpException: No route found for "GET /css/login_small.css" (uncaught exception) at /home/hamidullah/symtest/app/cache/prod/classes.php line 5082 [] []
[2012-07-17 18:19:05] request.ERROR: Symfony\Component\HttpKernel\Exception\NotFoundHttpException: No route found for "GET /css/markdown.css" (uncaught exception) at /home/hamidullah/symtest/app/cache/prod/classes.php line 5082 [] []
[2012-07-17 18:19:15] request.ERROR: Symfony\Component\HttpKernel\Exception\NotFoundHttpException: No route found for "GET /css/markdown.css" (uncaught exception) at /home/hamidullah/symtest/app/cache/prod/classes.php line 5082 [] []
[2012-07-17 18:19:15] request.ERROR: Symfony\Component\HttpKernel\Exception\NotFoundHttpException: No route found for "GET /css/login_small.css" (uncaught exception) at /home/hamidullah/symtest/app/cache/prod/classes.php line 5082 [] []
[2012-07-17 18:19:15] request.ERROR: Symfony\Component\HttpKernel\Exception\NotFoundHttpException: No route found for "GET /css/font/gw_cabin.css" (uncaught exception) at /home/hamidullah/symtest/app/cache/prod/classes.php line 5082 [] []
[2012-07-17 18:25:16] request.ERROR: Symfony\Component\HttpKernel\Exception\NotFoundHttpException: No route found for "GET /css/font/gw_cabin.css" (uncaught exception) at /home/hamidullah/symtest/app/cache/prod/classes.php line 5082 [] []
[2012-07-17 18:25:17] request.ERROR: Symfony\Component\HttpKernel\Exception\NotFoundHttpException: No route found for "GET /css/markdown.css" (uncaught exception) at /home/hamidullah/symtest/app/cache/prod/classes.php line 5082 [] []
[2012-07-17 18:25:17] request.ERROR: Symfony\Component\HttpKernel\Exception\NotFoundHttpException: No route found for "GET /css/login_small.css" (uncaught exception) at /home/hamidullah/symtest/app/cache/prod/classes.php line 5082 [] []
[2012-07-17 18:26:01] request.ERROR: Symfony\Component\HttpKernel\Exception\NotFoundHttpException: No route found for "GET /css/font/gw_cabin.css" (uncaught exception) at /home/hamidullah/symtest/app/cache/prod/classes.php line 5082 [] []
[2012-07-17 18:26:01] request.ERROR: Symfony\Component\HttpKernel\Exception\NotFoundHttpException: No route found for "GET /css/login_small.css" (uncaught exception) at /home/hamidullah/symtest/app/cache/prod/classes.php line 5082 [] []
[2012-07-17 18:26:01] request.ERROR: Symfony\Component\HttpKernel\Exception\NotFoundHttpException: No route found for "GET /css/markdown.css" (uncaught exception) at /home/hamidullah/symtest/app/cache/prod/classes.php line 5082 [] []
[2012-07-17 18:26:08] request.ERROR: Symfony\Component\HttpKernel\Exception\NotFoundHttpException: No route found for "GET /css/font/gw_cabin.css" (uncaught exception) at /home/hamidullah/symtest/app/cache/prod/classes.php line 5082 [] []
[2012-07-17 18:26:08] request.ERROR: Symfony\Component\HttpKernel\Exception\NotFoundHttpException: No route found for "GET /css/markdown.css" (uncaught exception) at /home/hamidullah/symtest/app/cache/prod/classes.php line 5082 [] []
[2012-07-17 18:26:08] request.ERROR: Symfony\Component\HttpKernel\Exception\NotFoundHttpException: No route found for "GET /css/login_small.css" (uncaught exception) at /home/hamidullah/symtest/app/cache/prod/classes.php line 5082 [] []
[2012-07-17 18:26:11] request.ERROR: Symfony\Component\HttpKernel\Exception\NotFoundHttpException: No route found for "GET /css/font/gw_cabin.css" (uncaught exception) at /home/hamidullah/symtest/app/cache/prod/classes.php line 5082 [] []
[2012-07-17 18:26:11] request.ERROR: Symfony\Component\HttpKernel\Exception\NotFoundHttpException: No route found for "GET /css/markdown.css" (uncaught exception) at /home/hamidullah/symtest/app/cache/prod/classes.php line 5082 [] []
[2012-07-17 18:26:11] request.ERROR: Symfony\Component\HttpKernel\Exception\NotFoundHttpException: No route found for "GET /css/login_small.css" (uncaught exception) at /home/hamidullah/symtest/app/cache/prod/classes.php line 5082 [] []
[2012-07-17 18:26:12] request.ERROR: Symfony\Component\HttpKernel\Exception\NotFoundHttpException: No route found for "GET /css/font/gw_cabin.css" (uncaught exception) at /home/hamidullah/symtest/app/cache/prod/classes.php line 5082 [] []
[2012-07-17 18:26:12] request.ERROR: Symfony\Component\HttpKernel\Exception\NotFoundHttpException: No route found for "GET /css/login_small.css" (uncaught exception) at /home/hamidullah/symtest/app/cache/prod/classes.php line 5082 [] []
[2012-07-17 18:26:12] request.ERROR: Symfony\Component\HttpKernel\Exception\NotFoundHttpException: No route found for "GET /css/markdown.css" (uncaught exception) at /home/hamidullah/symtest/app/cache/prod/classes.php line 5082 [] []
[2012-07-17 18:26:15] request.ERROR: Symfony\Component\HttpKernel\Exception\NotFoundHttpException: No route found for "GET /css/font/gw_cabin.css" (uncaught exception) at /home/hamidullah/symtest/app/cache/prod/classes.php line 5082 [] []
[2012-07-17 18:26:15] request.ERROR: Symfony\Component\HttpKernel\Exception\NotFoundHttpException: No route found for "GET /css/login_small.css" (uncaught exception) at /home/hamidullah/symtest/app/cache/prod/classes.php line 5082 [] []
[2012-07-17 18:26:15] request.ERROR: Symfony\Component\HttpKernel\Exception\NotFoundHttpException: No route found for "GET /css/markdown.css" (uncaught exception) at /home/hamidullah/symtest/app/cache/prod/classes.php line 5082 [] []
[2012-07-17 18:26:16] request.ERROR: Symfony\Component\HttpKernel\Exception\NotFoundHttpException: No route found for "GET /css/markdown.css" (uncaught exception) at /home/hamidullah/symtest/app/cache/prod/classes.php line 5082 [] []
[2012-07-17 18:26:17] request.ERROR: Symfony\Component\HttpKernel\Exception\NotFoundHttpException: No route found for "GET /css/font/gw_cabin.css" (uncaught exception) at /home/hamidullah/symtest/app/cache/prod/classes.php line 5082 [] []
[2012-07-17 18:26:17] request.ERROR: Symfony\Component\HttpKernel\Exception\NotFoundHttpException: No route found for "GET /css/login_small.css" (uncaught exception) at /home/hamidullah/symtest/app/cache/prod/classes.php line 5082 [] []
[2012-07-17 18:26:18] request.ERROR: Symfony\Component\HttpKernel\Exception\NotFoundHttpException: No route found for "GET /css/login_small.css" (uncaught exception) at /home/hamidullah/symtest/app/cache/prod/classes.php line 5082 [] []
[2012-07-17 18:26:18] request.ERROR: Symfony\Component\HttpKernel\Exception\NotFoundHttpException: No route found for "GET /css/font/gw_cabin.css" (uncaught exception) at /home/hamidullah/symtest/app/cache/prod/classes.php line 5082 [] []
[2012-07-17 18:26:18] request.ERROR: Symfony\Component\HttpKernel\Exception\NotFoundHttpException: No route found for "GET /css/markdown.css" (uncaught exception) at /home/hamidullah/symtest/app/cache/prod/classes.php line 5082 [] []
[2012-07-17 18:26:19] request.ERROR: Symfony\Component\HttpKernel\Exception\NotFoundHttpException: No route found for "GET /css/login_small.css" (uncaught exception) at /home/hamidullah/symtest/app/cache/prod/classes.php line 5082 [] []
[2012-07-17 18:26:19] request.ERROR: Symfony\Component\HttpKernel\Exception\NotFoundHttpException: No route found for "GET /css/font/gw_cabin.css" (uncaught exception) at /home/hamidullah/symtest/app/cache/prod/classes.php line 5082 [] []
[2012-07-17 18:26:19] request.ERROR: Symfony\Component\HttpKernel\Exception\NotFoundHttpException: No route found for "GET /css/markdown.css" (uncaught exception) at /home/hamidullah/symtest/app/cache/prod/classes.php line 5082 [] []
[2012-07-17 18:26:21] request.ERROR: Symfony\Component\HttpKernel\Exception\NotFoundHttpException: No route found for "GET /css/font/gw_cabin.css" (uncaught exception) at /home/hamidullah/symtest/app/cache/prod/classes.php line 5082 [] []
[2012-07-17 18:26:21] request.ERROR: Symfony\Component\HttpKernel\Exception\NotFoundHttpException: No route found for "GET /css/login_small.css" (uncaught exception) at /home/hamidullah/symtest/app/cache/prod/classes.php line 5082 [] []
[2012-07-17 18:26:21] request.ERROR: Symfony\Component\HttpKernel\Exception\NotFoundHttpException: No route found for "GET /css/markdown.css" (uncaught exception) at /home/hamidullah/symtest/app/cache/prod/classes.php line 5082 [] []
[2012-07-17 18:27:32] request.ERROR: Symfony\Component\HttpKernel\Exception\NotFoundHttpException: No route found for "GET /css/font/gw_cabin.css" (uncaught exception) at /home/hamidullah/symtest/app/cache/prod/classes.php line 5082 [] []
[2012-07-17 18:27:32] request.ERROR: Symfony\Component\HttpKernel\Exception\NotFoundHttpException: No route found for "GET /css/login_small.css" (uncaught exception) at /home/hamidullah/symtest/app/cache/prod/classes.php line 5082 [] []
[2012-07-17 18:27:33] request.ERROR: Symfony\Component\HttpKernel\Exception\NotFoundHttpException: No route found for "GET /css/markdown.css" (uncaught exception) at /home/hamidullah/symtest/app/cache/prod/classes.php line 5082 [] []
[2012-07-17 18:28:18] request.ERROR: Symfony\Component\HttpKernel\Exception\NotFoundHttpException: No route found for "GET /css/login_small.css" (uncaught exception) at /home/hamidullah/symtest/app/cache/prod/classes.php line 5082 [] []
[2012-07-17 18:28:18] request.ERROR: Symfony\Component\HttpKernel\Exception\NotFoundHttpException: No route found for "GET /css/font/gw_cabin.css" (uncaught exception) at /home/hamidullah/symtest/app/cache/prod/classes.php line 5082 [] []
[2012-07-17 18:28:18] request.ERROR: Symfony\Component\HttpKernel\Exception\NotFoundHttpException: No route found for "GET /css/markdown.css" (uncaught exception) at /home/hamidullah/symtest/app/cache/prod/classes.php line 5082 [] []
[2012-07-17 18:28:37] request.ERROR: Symfony\Component\HttpKernel\Exception\NotFoundHttpException: No route found for "GET /css/font/gw_cabin.css" (uncaught exception) at /home/hamidullah/symtest/app/cache/prod/classes.php line 5082 [] []
[2012-07-17 18:28:37] request.ERROR: Symfony\Component\HttpKernel\Exception\NotFoundHttpException: No route found for "GET /css/markdown.css" (uncaught exception) at /home/hamidullah/symtest/app/cache/prod/classes.php line 5082 [] []
[2012-07-17 18:28:37] request.ERROR: Symfony\Component\HttpKernel\Exception\NotFoundHttpException: No route found for "GET /css/login_small.css" (uncaught exception) at /home/hamidullah/symtest/app/cache/prod/classes.php line 5082 [] []
[2012-07-17 18:29:12] request.ERROR: Symfony\Component\HttpKernel\Exception\NotFoundHttpException: No route found for "GET /css/font/gw_cabin.css" (uncaught exception) at /home/hamidullah/symtest/app/cache/prod/classes.php line 5082 [] []
[2012-07-17 18:29:12] request.ERROR: Symfony\Component\HttpKernel\Exception\NotFoundHttpException: No route found for "GET /css/login_small.css" (uncaught exception) at /home/hamidullah/symtest/app/cache/prod/classes.php line 5082 [] []
[2012-07-17 18:29:12] request.ERROR: Symfony\Component\HttpKernel\Exception\NotFoundHttpException: No route found for "GET /css/markdown.css" (uncaught exception) at /home/hamidullah/symtest/app/cache/prod/classes.php line 5082 [] []
